# JRE version: OpenJDK Runtime Environment (8.0_152-b01) (build 1.8.0_152-release-915-b01)
# Java VM: OpenJDK 64-Bit Server VM (25.152-b01 mixed mode windows-amd64 compressed oops)
Heap:
 PSYoungGen      total 243712K, used 118869K [0x00000000e0000000, 0x00000000f2300000, 0x0000000100000000)
  eden space 231424K, 46% used [0x00000000e0000000,0x00000000e685ad98,0x00000000ee200000)
  from space 12288K, 97% used [0x00000000eeb00000,0x00000000ef6ba8e0,0x00000000ef700000)
  to   space 33280K, 0% used [0x00000000f0280000,0x00000000f0280000,0x00000000f2300000)
 ParOldGen       total 261120K, used 64668K [0x00000000a0000000, 0x00000000aff00000, 0x00000000e0000000)
  object space 261120K, 24% used [0x00000000a0000000,0x00000000a3f273f8,0x00000000aff00000)
 Metaspace       used 90751K, capacity 100742K, committed 100824K, reserved 1136640K
  class space    used 11773K, capacity 14036K, committed 14080K, reserved 1048576K
GC Heap History (10 events):
Event: 19402.858 GC heap before
{Heap before GC invocations=55 (full 6):
 PSYoungGen      total 308736K, used 290966K [0x00000000e0000000, 0x00000000f6580000, 0x0000000100000000)
  eden space 281088K, 100% used [0x00000000e0000000,0x00000000f1280000,0x00000000f1280000)
  from space 27648K, 35% used [0x00000000f4a80000,0x00000000f54259c8,0x00000000f6580000)
  to   space 42496K, 0% used [0x00000000f1280000,0x00000000f1280000,0x00000000f3c00000)
 ParOldGen       total 261120K, used 64628K [0x00000000a0000000, 0x00000000aff00000, 0x00000000e0000000)
  object space 261120K, 24% used [0x00000000a0000000,0x00000000a3f1d3f8,0x00000000aff00000)
 Metaspace       used 89848K, capacity 99104K, committed 99160K, reserved 1134592K
  class space    used 11643K, capacity 13679K, committed 13696K, reserved 1048576K
Event: 19402.869 GC heap after
Heap after GC invocations=55 (full 6):
 PSYoungGen      total 291328K, used 20647K [0x00000000e0000000, 0x00000000f5b00000, 0x0000000100000000)
  eden space 270336K, 0% used [0x00000000e0000000,0x00000000e0000000,0x00000000f0800000)
  from space 20992K, 98% used [0x00000000f1280000,0x00000000f26a9da8,0x00000000f2700000)
  to   space 42496K, 0% used [0x00000000f3180000,0x00000000f3180000,0x00000000f5b00000)
 ParOldGen       total 261120K, used 64636K [0x00000000a0000000, 0x00000000aff00000, 0x00000000e0000000)
  object space 261120K, 24% used [0x00000000a0000000,0x00000000a3f1f3f8,0x00000000aff00000)
 Metaspace       used 89848K, capacity 99104K, committed 99160K, reserved 1134592K
  class space    used 11643K, capacity 13679K, committed 13696K, reserved 1048576K
}
Event: 19495.057 GC heap before
{Heap before GC invocations=56 (full 6):
 PSYoungGen      total 291328K, used 290503K [0x00000000e0000000, 0x00000000f5b00000, 0x0000000100000000)
  eden space 270336K, 99% used [0x00000000e0000000,0x00000000f0787fc0,0x00000000f0800000)
  from space 20992K, 98% used [0x00000000f1280000,0x00000000f26a9da8,0x00000000f2700000)
  to   space 42496K, 0% used [0x00000000f3180000,0x00000000f3180000,0x00000000f5b00000)
 ParOldGen       total 261120K, used 64636K [0x00000000a0000000, 0x00000000aff00000, 0x00000000e0000000)
  object space 261120K, 24% used [0x00000000a0000000,0x00000000a3f1f3f8,0x00000000aff00000)
 Metaspace       used 89963K, capacity 99310K, committed 99544K, reserved 1134592K
  class space    used 11655K, capacity 13721K, committed 13824K, reserved 1048576K
Event: 19495.070 GC heap after
Heap after GC invocations=56 (full 6):
 PSYoungGen      total 287232K, used 13627K [0x00000000e0000000, 0x00000000f4c00000, 0x0000000100000000)
  eden space 260096K, 0% used [0x00000000e0000000,0x00000000e0000000,0x00000000efe00000)
  from space 27136K, 50% used [0x00000000f3180000,0x00000000f3ecedf0,0x00000000f4c00000)
  to   space 39936K, 0% used [0x00000000efe00000,0x00000000efe00000,0x00000000f2500000)
 ParOldGen       total 261120K, used 64644K [0x00000000a0000000, 0x00000000aff00000, 0x00000000e0000000)
  object space 261120K, 24% used [0x00000000a0000000,0x00000000a3f213f8,0x00000000aff00000)
 Metaspace       used 89963K, capacity 99310K, committed 99544K, reserved 1134592K
  class space    used 11655K, capacity 13721K, committed 13824K, reserved 1048576K
}
Event: 19756.997 GC heap before
{Heap before GC invocations=57 (full 6):
 PSYoungGen      total 287232K, used 273723K [0x00000000e0000000, 0x00000000f4c00000, 0x0000000100000000)
  eden space 260096K, 100% used [0x00000000e0000000,0x00000000efe00000,0x00000000efe00000)
  from space 27136K, 50% used [0x00000000f3180000,0x00000000f3ecedf0,0x00000000f4c00000)
  to   space 39936K, 0% used [0x00000000efe00000,0x00000000efe00000,0x00000000f2500000)
 ParOldGen       total 261120K, used 64644K [0x00000000a0000000, 0x00000000aff00000, 0x00000000e0000000)
  object space 261120K, 24% used [0x00000000a0000000,0x00000000a3f213f8,0x00000000aff00000)
 Metaspace       used 90163K, capacity 99676K, committed 99800K, reserved 1134592K
  class space    used 11683K, capacity 13810K, committed 13824K, reserved 1048576K
Event: 19757.005 GC heap after
Heap after GC invocations=57 (full 6):
 PSYoungGen      total 260096K, used 9651K [0x00000000e0000000, 0x00000000f3e80000, 0x0000000100000000)
  eden space 250368K, 0% used [0x00000000e0000000,0x00000000e0000000,0x00000000ef480000)
  from space 9728K, 99% used [0x00000000efe00000,0x00000000f076cd58,0x00000000f0780000)
  to   space 37888K, 0% used [0x00000000f1980000,0x00000000f1980000,0x00000000f3e80000)
 ParOldGen       total 261120K, used 64652K [0x00000000a0000000, 0x00000000aff00000, 0x00000000e0000000)
  object space 261120K, 24% used [0x00000000a0000000,0x00000000a3f233f8,0x00000000aff00000)
 Metaspace       used 90163K, capacity 99676K, committed 99800K, reserved 1134592K
  class space    used 11683K, capacity 13810K, committed 13824K, reserved 1048576K
}
Event: 20062.376 GC heap before
{Heap before GC invocations=58 (full 6):
 PSYoungGen      total 260096K, used 260019K [0x00000000e0000000, 0x00000000f3e80000, 0x0000000100000000)
  eden space 250368K, 100% used [0x00000000e0000000,0x00000000ef480000,0x00000000ef480000)
  from space 9728K, 99% used [0x00000000efe00000,0x00000000f076cd58,0x00000000f0780000)
  to   space 37888K, 0% used [0x00000000f1980000,0x00000000f1980000,0x00000000f3e80000)
 ParOldGen       total 261120K, used 64652K [0x00000000a0000000, 0x00000000aff00000, 0x00000000e0000000)
  object space 261120K, 24% used [0x00000000a0000000,0x00000000a3f233f8,0x00000000aff00000)
 Metaspace       used 90302K, capacity 99866K, committed 100184K, reserved 1136640K
  class space    used 11700K, capacity 13861K, committed 13952K, reserved 1048576K
Event: 20062.385 GC heap after
Heap after GC invocations=58 (full 6):
 PSYoungGen      total 264704K, used 11339K [0x00000000e0000000, 0x00000000f3100000, 0x0000000100000000)
  eden space 240640K, 0% used [0x00000000e0000000,0x00000000e0000000,0x00000000eeb00000)
  from space 24064K, 47% used [0x00000000f1980000,0x00000000f2492c18,0x00000000f3100000)
  to   space 35840K, 0% used [0x00000000eeb00000,0x00000000eeb00000,0x00000000f0e00000)
 ParOldGen       total 261120K, used 64660K [0x00000000a0000000, 0x00000000aff00000, 0x00000000e0000000)
  object space 261120K, 24% used [0x00000000a0000000,0x00000000a3f253f8,0x00000000aff00000)
 Metaspace       used 90302K, capacity 99866K, committed 100184K, reserved 1136640K
  class space    used 11700K, capacity 13861K, committed 13952K, reserved 1048576K
}
Event: 20150.116 GC heap before
{Heap before GC invocations=59 (full 6):
 PSYoungGen      total 264704K, used 251979K [0x00000000e0000000, 0x00000000f3100000, 0x0000000100000000)
  eden space 240640K, 100% used [0x00000000e0000000,0x00000000eeb00000,0x00000000eeb00000)
  from space 24064K, 47% used [0x00000000f1980000,0x00000000f2492c18,0x00000000f3100000)
  to   space 35840K, 0% used [0x00000000eeb00000,0x00000000eeb00000,0x00000000f0e00000)
 ParOldGen       total 261120K, used 64660K [0x00000000a0000000, 0x00000000aff00000, 0x00000000e0000000)
  object space 261120K, 24% used [0x00000000a0000000,0x00000000a3f253f8,0x00000000aff00000)
 Metaspace       used 90696K, capacity 100616K, committed 100824K, reserved 1136640K
  class space    used 11761K, capacity 13995K, committed 14080K, reserved 1048576K
Event: 20150.125 GC heap after
Heap after GC invocations=59 (full 6):
 PSYoungGen      total 243712K, used 12010K [0x00000000e0000000, 0x00000000f2300000, 0x0000000100000000)
  eden space 231424K, 0% used [0x00000000e0000000,0x00000000e0000000,0x00000000ee200000)
  from space 12288K, 97% used [0x00000000eeb00000,0x00000000ef6ba8e0,0x00000000ef700000)
  to   space 33280K, 0% used [0x00000000f0280000,0x00000000f0280000,0x00000000f2300000)
 ParOldGen       total 261120K, used 64668K [0x00000000a0000000, 0x00000000aff00000, 0x00000000e0000000)
  object space 261120K, 24% used [0x00000000a0000000,0x00000000a3f273f8,0x00000000aff00000)
 Metaspace       used 90696K, capacity 100616K, committed 100824K, reserved 1136640K
  class space    used 11761K, capacity 13995K, committed 14080K, reserved 1048576K
}

